  [1m[35m (936.5ms)[0m  [1m[35mCREATE DATABASE "desafio_impulso_development" ENCODING = 'unicode'[0m
  ↳ bin/rails:9
  [1m[35m (362.2ms)[0m  [1m[35mCREATE DATABASE "desafio_impulso_test" ENCODING = 'unicode'[0m
  ↳ bin/rails:9
  [1m[35m (73.3ms)[0m  [1m[35mCREATE TABLE "schema_migrations" ("version" character varying NOT NULL PRIMARY KEY)[0m
  ↳ bin/rails:9
  [1m[35m (24.6ms)[0m  [1m[35mCREATE TABLE "ar_internal_metadata" ("key" character varying NOT NULL PRIMARY KEY, "value" character varying, "created_at" timestamp NOT NULL, "updated_at" timestamp NOT NULL)[0m
  ↳ bin/rails:9
  [1m[35m (0.2ms)[0m  [1m[34mSELECT pg_try_advisory_lock(3350337748671779670)[0m
  ↳ bin/rails:9
  [1m[35m (0.4ms)[0m  [1m[34mSELECT "schema_migrations"."version" FROM "schema_migrations" ORDER BY "schema_migrations"."version" ASC[0m
  ↳ bin/rails:9
  [1m[36mActiveRecord::InternalMetadata Load (0.3ms)[0m  [1m[34mSELECT  "ar_internal_metadata".* FROM "ar_internal_metadata" WHERE "ar_internal_metadata"."key" = $1 LIMIT $2[0m  [["key", "environment"], ["LIMIT", 1]]
  ↳ bin/rails:9
  [1m[35m (0.1ms)[0m  [1m[35mBEGIN[0m
  ↳ bin/rails:9
  [1m[36mActiveRecord::InternalMetadata Create (28.1ms)[0m  [1m[32mINSERT INTO "ar_internal_metadata" ("key", "value", "created_at", "updated_at") VALUES ($1, $2, $3, $4) RETURNING "key"[0m  [["key", "environment"], ["value", "development"], ["created_at", "2021-02-18 00:19:18.306525"], ["updated_at", "2021-02-18 00:19:18.306525"]]
  ↳ bin/rails:9
  [1m[35m (1.5ms)[0m  [1m[35mCOMMIT[0m
  ↳ bin/rails:9
  [1m[35m (1.0ms)[0m  [1m[34mSELECT pg_advisory_unlock(3350337748671779670)[0m
  ↳ bin/rails:9
  [1m[35m (0.3ms)[0m  [1m[34mSELECT "schema_migrations"."version" FROM "schema_migrations" ORDER BY "schema_migrations"."version" ASC[0m
  ↳ bin/rails:9
Started GET "/" for 127.0.0.1 at 2021-02-17 21:19:47 -0300
Processing by Rails::WelcomeController#index as HTML
  Rendering /home/zanata/.rvm/gems/ruby-2.5.1/gems/railties-5.2.4.5/lib/rails/templates/rails/welcome/index.html.erb
  Rendered /home/zanata/.rvm/gems/ruby-2.5.1/gems/railties-5.2.4.5/lib/rails/templates/rails/welcome/index.html.erb (2.4ms)
Completed 200 OK in 81ms (Views: 37.4ms | ActiveRecord: 0.0ms)


Started GET "/" for 127.0.0.1 at 2021-02-17 21:34:33 -0300
Processing by Rails::WelcomeController#index as HTML
  Rendering /home/zanata/.rvm/gems/ruby-2.6.3/gems/railties-5.2.4.5/lib/rails/templates/rails/welcome/index.html.erb
  Rendered /home/zanata/.rvm/gems/ruby-2.6.3/gems/railties-5.2.4.5/lib/rails/templates/rails/welcome/index.html.erb (26.3ms)
Completed 200 OK in 51ms (Views: 44.0ms | ActiveRecord: 0.0ms)


